<?xml version="1.0" encoding="UTF-8"?>
<!-- Generated by org.testng.reporters.JUnitXMLReporter -->
<testsuite ignored="0" hostname="LAPTOP-C5OLKGD2" failures="1" tests="5" name="Test" time="11.793" errors="0" timestamp="2024-07-09T15:41:43 IST">
  <testcase classname="com.gk.test.SampleTests" name="addCart" time="0.349"/>
  <testcase classname="com.gk.test.SampleTests" name="backHomeFunc" time="0.655"/>
  <testcase classname="com.gk.test.SampleTests" name="checkTotal" time="0.571">
    <failure type="java.lang.AssertionError" message="verified total amount expected [32.39] but found [By.cssSelector: div[data-test=&amp;apos;total-label&amp;apos;]]">
      <![CDATA[java.lang.AssertionError: verified total amount expected [32.39] but found [By.cssSelector: div[data-test='total-label']]
at com.gk.pageobject.Finalize.verifyTotal(Finalize.java:26)
at com.gk.test.SampleTests.checkTotal(SampleTests.java:76)
at java.base/java.util.ArrayList.forEach(ArrayList.java:1597)
... Removed 29 stack frames]]>
    </failure>
  </testcase> <!-- checkTotal -->
  <testcase classname="com.gk.test.SampleTests" name="placeOrder" time="0.615"/>
  <testcase classname="com.gk.test.SampleTests" name="sort" time="0.309"/>
</testsuite> <!-- Test -->
