<?xml version="1.0" encoding="UTF-8"?>
<testng-results ignored="0" total="5" passed="4" failed="1" skipped="0">
  <reporter-output>
  </reporter-output>
  <suite started-at="2024-07-09T15:41:31 IST" name="Suite" finished-at="2024-07-09T15:41:43 IST" duration-ms="11793">
    <groups>
    </groups>
    <test started-at="2024-07-09T15:41:31 IST" name="Test" finished-at="2024-07-09T15:41:43 IST" duration-ms="11793">
      <class name="com.gk.test.SampleTests">
        <test-method is-config="true" signature="setUp()[pri:0, instance:com.gk.test.SampleTests@dd8ba08]" started-at="2024-07-09T15:41:31 IST" name="setUp" finished-at="2024-07-09T15:41:32 IST" duration-ms="982" status="PASS">
          <reporter-output>
          </reporter-output>
        </test-method> <!-- setUp -->
        <test-method is-config="true" signature="readUrl(java.lang.String)[pri:0, instance:com.gk.test.SampleTests@dd8ba08]" started-at="2024-07-09T15:41:32 IST" name="readUrl" finished-at="2024-07-09T15:41:34 IST" duration-ms="1036" status="PASS">
          <params>
            <param index="0">
              <value>
                <![CDATA[https://www.saucedemo.com/]]>
              </value>
            </param>
          </params>
          <reporter-output>
          </reporter-output>
        </test-method> <!-- readUrl -->
        <test-method is-config="true" signature="testProperty()[pri:0, instance:com.gk.test.SampleTests@dd8ba08]" started-at="2024-07-09T15:41:34 IST" name="testProperty" finished-at="2024-07-09T15:41:34 IST" duration-ms="2" status="PASS">
          <reporter-output>
          </reporter-output>
        </test-method> <!-- testProperty -->
        <test-method signature="addCart()[pri:0, instance:com.gk.test.SampleTests@dd8ba08]" started-at="2024-07-09T15:41:34 IST" name="addCart" finished-at="2024-07-09T15:41:34 IST" duration-ms="349" status="PASS">
          <reporter-output>
          </reporter-output>
        </test-method> <!-- addCart -->
        <test-method is-config="true" signature="screenShot(org.testng.ITestResult)[pri:0, instance:com.gk.test.SampleTests@dd8ba08]" started-at="2024-07-09T15:41:34 IST" name="screenShot" finished-at="2024-07-09T15:41:34 IST" duration-ms="0" status="PASS">
          <params>
            <param index="0">
              <value>
                <![CDATA[[TestResult name=addCart status=SUCCESS method=SampleTests.addCart()[pri:0, instance:com.gk.test.SampleTests@dd8ba08] output={null}]]]>
              </value>
            </param>
          </params>
          <reporter-output>
          </reporter-output>
        </test-method> <!-- screenShot -->
        <test-method is-config="true" signature="closeSession()[pri:0, instance:com.gk.test.SampleTests@dd8ba08]" started-at="2024-07-09T15:41:34 IST" name="closeSession" finished-at="2024-07-09T15:41:34 IST" duration-ms="153" status="PASS">
          <reporter-output>
          </reporter-output>
        </test-method> <!-- closeSession -->
        <test-method is-config="true" signature="readUrl(java.lang.String)[pri:0, instance:com.gk.test.SampleTests@dd8ba08]" started-at="2024-07-09T15:41:34 IST" name="readUrl" finished-at="2024-07-09T15:41:36 IST" duration-ms="1590" status="PASS">
          <params>
            <param index="0">
              <value>
                <![CDATA[https://www.saucedemo.com/]]>
              </value>
            </param>
          </params>
          <reporter-output>
          </reporter-output>
        </test-method> <!-- readUrl -->
        <test-method is-config="true" signature="testProperty()[pri:0, instance:com.gk.test.SampleTests@dd8ba08]" started-at="2024-07-09T15:41:36 IST" name="testProperty" finished-at="2024-07-09T15:41:36 IST" duration-ms="1" status="PASS">
          <reporter-output>
          </reporter-output>
        </test-method> <!-- testProperty -->
        <test-method signature="backHomeFunc()[pri:0, instance:com.gk.test.SampleTests@dd8ba08]" started-at="2024-07-09T15:41:36 IST" name="backHomeFunc" finished-at="2024-07-09T15:41:36 IST" duration-ms="655" status="PASS">
          <reporter-output>
          </reporter-output>
        </test-method> <!-- backHomeFunc -->
        <test-method is-config="true" signature="closeSession()[pri:0, instance:com.gk.test.SampleTests@dd8ba08]" started-at="2024-07-09T15:41:36 IST" name="closeSession" finished-at="2024-07-09T15:41:36 IST" duration-ms="150" status="PASS">
          <reporter-output>
          </reporter-output>
        </test-method> <!-- closeSession -->
        <test-method is-config="true" signature="screenShot(org.testng.ITestResult)[pri:0, instance:com.gk.test.SampleTests@dd8ba08]" started-at="2024-07-09T15:41:36 IST" name="screenShot" finished-at="2024-07-09T15:41:36 IST" duration-ms="0" status="PASS">
          <params>
            <param index="0">
              <value>
                <![CDATA[[TestResult name=backHomeFunc status=SUCCESS method=SampleTests.backHomeFunc()[pri:0, instance:com.gk.test.SampleTests@dd8ba08] output={null}]]]>
              </value>
            </param>
          </params>
          <reporter-output>
          </reporter-output>
        </test-method> <!-- screenShot -->
        <test-method is-config="true" signature="readUrl(java.lang.String)[pri:0, instance:com.gk.test.SampleTests@dd8ba08]" started-at="2024-07-09T15:41:36 IST" name="readUrl" finished-at="2024-07-09T15:41:38 IST" duration-ms="1690" status="PASS">
          <params>
            <param index="0">
              <value>
                <![CDATA[https://www.saucedemo.com/]]>
              </value>
            </param>
          </params>
          <reporter-output>
          </reporter-output>
        </test-method> <!-- readUrl -->
        <test-method is-config="true" signature="testProperty()[pri:0, instance:com.gk.test.SampleTests@dd8ba08]" started-at="2024-07-09T15:41:38 IST" name="testProperty" finished-at="2024-07-09T15:41:38 IST" duration-ms="2" status="PASS">
          <reporter-output>
          </reporter-output>
        </test-method> <!-- testProperty -->
        <test-method signature="checkTotal()[pri:0, instance:com.gk.test.SampleTests@dd8ba08]" started-at="2024-07-09T15:41:38 IST" name="checkTotal" finished-at="2024-07-09T15:41:39 IST" duration-ms="571" status="FAIL">
          <exception class="java.lang.AssertionError">
            <message>
              <![CDATA[verified total amount expected [32.39] but found [By.cssSelector: div[data-test='total-label']]]]>
            </message>
            <full-stacktrace>
              <![CDATA[java.lang.AssertionError: verified total amount expected [32.39] but found [By.cssSelector: div[data-test='total-label']]
at org.testng.Assert.fail(Assert.java:99)
at org.testng.Assert.failNotEquals(Assert.java:1037)
at org.testng.Assert.assertEqualsImpl(Assert.java:140)
at org.testng.Assert.assertEquals(Assert.java:122)
at com.gk.pageobject.Finalize.verifyTotal(Finalize.java:26)
at com.gk.test.SampleTests.checkTotal(SampleTests.java:76)
at java.base/jdk.internal.reflect.DirectMethodHandleAccessor.invoke(DirectMethodHandleAccessor.java:103)
at java.base/java.lang.reflect.Method.invoke(Method.java:580)
at org.testng.internal.MethodInvocationHelper.invokeMethod(MethodInvocationHelper.java:133)
at org.testng.internal.TestInvoker.invokeMethod(TestInvoker.java:598)
at org.testng.internal.TestInvoker.invokeTestMethod(TestInvoker.java:173)
at org.testng.internal.MethodRunner.runInSequence(MethodRunner.java:46)
at org.testng.internal.TestInvoker$MethodInvocationAgent.invoke(TestInvoker.java:824)
at org.testng.internal.TestInvoker.invokeTestMethods(TestInvoker.java:146)
at org.testng.internal.TestMethodWorker.invokeTestMethods(TestMethodWorker.java:146)
at org.testng.internal.TestMethodWorker.run(TestMethodWorker.java:128)
at java.base/java.util.ArrayList.forEach(ArrayList.java:1597)
at org.testng.TestRunner.privateRun(TestRunner.java:794)
at org.testng.TestRunner.run(TestRunner.java:596)
at org.testng.SuiteRunner.runTest(SuiteRunner.java:377)
at org.testng.SuiteRunner.runSequentially(SuiteRunner.java:371)
at org.testng.SuiteRunner.privateRun(SuiteRunner.java:332)
at org.testng.SuiteRunner.run(SuiteRunner.java:276)
at org.testng.SuiteRunnerWorker.runSuite(SuiteRunnerWorker.java:53)
at org.testng.SuiteRunnerWorker.run(SuiteRunnerWorker.java:96)
at org.testng.TestNG.runSuitesSequentially(TestNG.java:1212)
at org.testng.TestNG.runSuitesLocally(TestNG.java:1134)
at org.testng.TestNG.runSuites(TestNG.java:1063)
at org.testng.TestNG.run(TestNG.java:1031)
at org.testng.remote.AbstractRemoteTestNG.run(AbstractRemoteTestNG.java:115)
at org.testng.remote.RemoteTestNG.initAndRun(RemoteTestNG.java:293)
at org.testng.remote.RemoteTestNG.main(RemoteTestNG.java:91)
]]>
            </full-stacktrace>
          </exception> <!-- java.lang.AssertionError -->
          <reporter-output>
          </reporter-output>
        </test-method> <!-- checkTotal -->
        <test-method is-config="true" signature="screenShot(org.testng.ITestResult)[pri:0, instance:com.gk.test.SampleTests@dd8ba08]" started-at="2024-07-09T15:41:39 IST" name="screenShot" finished-at="2024-07-09T15:41:39 IST" duration-ms="122" status="PASS">
          <params>
            <param index="0">
              <value>
                <![CDATA[[TestResult name=checkTotal status=FAILURE method=SampleTests.checkTotal()[pri:0, instance:com.gk.test.SampleTests@dd8ba08] output={null}]]]>
              </value>
            </param>
          </params>
          <reporter-output>
          </reporter-output>
        </test-method> <!-- screenShot -->
        <test-method is-config="true" signature="closeSession()[pri:0, instance:com.gk.test.SampleTests@dd8ba08]" started-at="2024-07-09T15:41:39 IST" name="closeSession" finished-at="2024-07-09T15:41:39 IST" duration-ms="153" status="PASS">
          <reporter-output>
          </reporter-output>
        </test-method> <!-- closeSession -->
        <test-method is-config="true" signature="readUrl(java.lang.String)[pri:0, instance:com.gk.test.SampleTests@dd8ba08]" started-at="2024-07-09T15:41:39 IST" name="readUrl" finished-at="2024-07-09T15:41:40 IST" duration-ms="1527" status="PASS">
          <params>
            <param index="0">
              <value>
                <![CDATA[https://www.saucedemo.com/]]>
              </value>
            </param>
          </params>
          <reporter-output>
          </reporter-output>
        </test-method> <!-- readUrl -->
        <test-method is-config="true" signature="testProperty()[pri:0, instance:com.gk.test.SampleTests@dd8ba08]" started-at="2024-07-09T15:41:40 IST" name="testProperty" finished-at="2024-07-09T15:41:40 IST" duration-ms="0" status="PASS">
          <reporter-output>
          </reporter-output>
        </test-method> <!-- testProperty -->
        <test-method signature="placeOrder()[pri:0, instance:com.gk.test.SampleTests@dd8ba08]" started-at="2024-07-09T15:41:40 IST" name="placeOrder" finished-at="2024-07-09T15:41:41 IST" duration-ms="615" status="PASS">
          <reporter-output>
          </reporter-output>
        </test-method> <!-- placeOrder -->
        <test-method is-config="true" signature="closeSession()[pri:0, instance:com.gk.test.SampleTests@dd8ba08]" started-at="2024-07-09T15:41:41 IST" name="closeSession" finished-at="2024-07-09T15:41:41 IST" duration-ms="144" status="PASS">
          <reporter-output>
          </reporter-output>
        </test-method> <!-- closeSession -->
        <test-method is-config="true" signature="screenShot(org.testng.ITestResult)[pri:0, instance:com.gk.test.SampleTests@dd8ba08]" started-at="2024-07-09T15:41:41 IST" name="screenShot" finished-at="2024-07-09T15:41:41 IST" duration-ms="0" status="PASS">
          <params>
            <param index="0">
              <value>
                <![CDATA[[TestResult name=placeOrder status=SUCCESS method=SampleTests.placeOrder()[pri:0, instance:com.gk.test.SampleTests@dd8ba08] output={null}]]]>
              </value>
            </param>
          </params>
          <reporter-output>
          </reporter-output>
        </test-method> <!-- screenShot -->
        <test-method is-config="true" signature="readUrl(java.lang.String)[pri:0, instance:com.gk.test.SampleTests@dd8ba08]" started-at="2024-07-09T15:41:41 IST" name="readUrl" finished-at="2024-07-09T15:41:43 IST" duration-ms="1557" status="PASS">
          <params>
            <param index="0">
              <value>
                <![CDATA[https://www.saucedemo.com/]]>
              </value>
            </param>
          </params>
          <reporter-output>
          </reporter-output>
        </test-method> <!-- readUrl -->
        <test-method is-config="true" signature="testProperty()[pri:0, instance:com.gk.test.SampleTests@dd8ba08]" started-at="2024-07-09T15:41:43 IST" name="testProperty" finished-at="2024-07-09T15:41:43 IST" duration-ms="1" status="PASS">
          <reporter-output>
          </reporter-output>
        </test-method> <!-- testProperty -->
        <test-method signature="sort()[pri:0, instance:com.gk.test.SampleTests@dd8ba08]" started-at="2024-07-09T15:41:43 IST" name="sort" finished-at="2024-07-09T15:41:43 IST" duration-ms="309" status="PASS">
          <reporter-output>
          </reporter-output>
        </test-method> <!-- sort -->
        <test-method is-config="true" signature="closeSession()[pri:0, instance:com.gk.test.SampleTests@dd8ba08]" started-at="2024-07-09T15:41:43 IST" name="closeSession" finished-at="2024-07-09T15:41:43 IST" duration-ms="154" status="PASS">
          <reporter-output>
          </reporter-output>
        </test-method> <!-- closeSession -->
        <test-method is-config="true" signature="screenShot(org.testng.ITestResult)[pri:0, instance:com.gk.test.SampleTests@dd8ba08]" started-at="2024-07-09T15:41:43 IST" name="screenShot" finished-at="2024-07-09T15:41:43 IST" duration-ms="0" status="PASS">
          <params>
            <param index="0">
              <value>
                <![CDATA[[TestResult name=sort status=SUCCESS method=SampleTests.sort()[pri:0, instance:com.gk.test.SampleTests@dd8ba08] output={null}]]]>
              </value>
            </param>
          </params>
          <reporter-output>
          </reporter-output>
        </test-method> <!-- screenShot -->
      </class> <!-- com.gk.test.SampleTests -->
    </test> <!-- Test -->
  </suite> <!-- Suite -->
</testng-results>
